2025-08-03 13:55:15,195 - database - INFO - Database initialized successfully
2025-08-03 14:15:37,410 - database - INFO - Database initialized successfully
2025-08-03 14:16:59,884 - scraper - ERROR - Error setting up WebDriver: Message: session not created: DevToolsActivePort file doesn't exist
Stacktrace:
	GetHandleVerifier [0x0x7ff78623e415+77285]
	GetHandleVerifier [0x0x7ff78623e470+77376]
	(No symbol) [0x0x7ff786009a6a]
	(No symbol) [0x0x7ff78604cac9]
	(No symbol) [0x0x7ff786046b7c]
	(No symbol) [0x0x7ff78604278e]
	(No symbol) [0x0x7ff78609602e]
	(No symbol) [0x0x7ff7860957c0]
	(No symbol) [0x0x7ff7860883e3]
	(No symbol) [0x0x7ff786051521]
	(No symbol) [0x0x7ff7860522b3]
	GetHandleVerifier [0x0x7ff786521efd+3107021]
	GetHandleVerifier [0x0x7ff78651c29d+3083373]
	GetHandleVerifier [0x0x7ff78653bedd+3213485]
	GetHandleVerifier [0x0x7ff78625884e+184862]
	GetHandleVerifier [0x0x7ff78626055f+216879]
	GetHandleVerifier [0x0x7ff786247084+113236]
	GetHandleVerifier [0x0x7ff786247239+113673]
	GetHandleVerifier [0x0x7ff78622e298+11368]
	BaseThreadInitThunk [0x0x7ffcd3eae8d7+23]
	RtlUserThreadStart [0x0x7ffcd4cbc34c+44]

2025-08-03 14:17:05,867 - database - INFO - Database initialized successfully
2025-08-03 14:17:08,803 - scraper - INFO - WebDriver initialized successfully
2025-08-03 14:17:08,813 - __main__ - INFO - Starting Court Data Fetcher on port 5000
2025-08-03 14:17:08,902 - werkzeug - INFO - [31m[1mWARNING: This is a development server. Do not use it in a production deployment. Use a production WSGI server instead.[0m
 * Running on all addresses (0.0.0.0)
 * Running on http://127.0.0.1:5000
 * Running on http://192.168.1.6:5000
2025-08-03 14:17:08,903 - werkzeug - INFO - [33mPress CTRL+C to quit[0m
2025-08-03 14:19:32,268 - database - INFO - Database initialized successfully
2025-08-03 14:19:34,772 - scraper - INFO - WebDriver initialized successfully
2025-08-03 14:19:34,783 - __main__ - INFO - Starting Court Data Fetcher on port 5000
2025-08-03 14:19:34,822 - werkzeug - INFO - [31m[1mWARNING: This is a development server. Do not use it in a production deployment. Use a production WSGI server instead.[0m
 * Running on all addresses (0.0.0.0)
 * Running on http://127.0.0.1:5000
 * Running on http://192.168.1.6:5000
2025-08-03 14:19:34,829 - werkzeug - INFO - [33mPress CTRL+C to quit[0m
2025-08-03 14:19:42,200 - app - ERROR - Exception on / [GET]
Traceback (most recent call last):
  File "C:\Users\Akshat\AppData\Local\Programs\Python\Python311\Lib\site-packages\flask\app.py", line 2190, in wsgi_app
    response = self.full_dispatch_request()
               ^^^^^^^^^^^^^^^^^^^^^^^^^^^^
  File "C:\Users\Akshat\AppData\Local\Programs\Python\Python311\Lib\site-packages\flask\app.py", line 1486, in full_dispatch_request
    rv = self.handle_user_exception(e)
         ^^^^^^^^^^^^^^^^^^^^^^^^^^^^^
  File "C:\Users\Akshat\AppData\Local\Programs\Python\Python311\Lib\site-packages\flask\app.py", line 1484, in full_dispatch_request
    rv = self.dispatch_request()
         ^^^^^^^^^^^^^^^^^^^^^^^
  File "C:\Users\Akshat\AppData\Local\Programs\Python\Python311\Lib\site-packages\flask\app.py", line 1469, in dispatch_request
    return self.ensure_sync(self.view_functions[rule.endpoint])(**view_args)
           ^^^^^^^^^^^^^^^^^^^^^^^^^^^^^^^^^^^^^^^^^^^^^^^^^^^^^^^^^^^^^^^^^
  File "D:\internship\Court\app.py", line 38, in index
    return render_template('index.html', case_types=case_types, years=years)
           ^^^^^^^^^^^^^^^^^^^^^^^^^^^^^^^^^^^^^^^^^^^^^^^^^^^^^^^^^^^^^^^^^
  File "C:\Users\Akshat\AppData\Local\Programs\Python\Python311\Lib\site-packages\flask\templating.py", line 150, in render_template
    template = app.jinja_env.get_or_select_template(template_name_or_list)
               ^^^^^^^^^^^^^^^^^^^^^^^^^^^^^^^^^^^^^^^^^^^^^^^^^^^^^^^^^^^
  File "C:\Users\Akshat\AppData\Local\Programs\Python\Python311\Lib\site-packages\jinja2\environment.py", line 1081, in get_or_select_template
    return self.get_template(template_name_or_list, parent, globals)
           ^^^^^^^^^^^^^^^^^^^^^^^^^^^^^^^^^^^^^^^^^^^^^^^^^^^^^^^^^
  File "C:\Users\Akshat\AppData\Local\Programs\Python\Python311\Lib\site-packages\jinja2\environment.py", line 1010, in get_template
    return self._load_template(name, globals)
           ^^^^^^^^^^^^^^^^^^^^^^^^^^^^^^^^^^
  File "C:\Users\Akshat\AppData\Local\Programs\Python\Python311\Lib\site-packages\jinja2\environment.py", line 969, in _load_template
    template = self.loader.load(self, name, self.make_globals(globals))
               ^^^^^^^^^^^^^^^^^^^^^^^^^^^^^^^^^^^^^^^^^^^^^^^^^^^^^^^^
  File "C:\Users\Akshat\AppData\Local\Programs\Python\Python311\Lib\site-packages\jinja2\loaders.py", line 126, in load
    source, filename, uptodate = self.get_source(environment, name)
                                 ^^^^^^^^^^^^^^^^^^^^^^^^^^^^^^^^^^
  File "C:\Users\Akshat\AppData\Local\Programs\Python\Python311\Lib\site-packages\flask\templating.py", line 64, in get_source
    return self._get_source_fast(environment, template)
           ^^^^^^^^^^^^^^^^^^^^^^^^^^^^^^^^^^^^^^^^^^^^
  File "C:\Users\Akshat\AppData\Local\Programs\Python\Python311\Lib\site-packages\flask\templating.py", line 98, in _get_source_fast
    raise TemplateNotFound(template)
jinja2.exceptions.TemplateNotFound: index.html
2025-08-03 14:19:42,210 - __main__ - ERROR - Internal server error: 500 Internal Server Error: The server encountered an internal error and was unable to complete your request. Either the server is overloaded or there is an error in the application.
2025-08-03 14:19:42,212 - werkzeug - INFO - 127.0.0.1 - - [03/Aug/2025 14:19:42] "[35m[1mGET /?ide_webview_request_time=1754210981998 HTTP/1.1[0m" 500 -
2025-08-03 14:19:42,386 - werkzeug - ERROR - Error on request:
Traceback (most recent call last):
  File "C:\Users\Akshat\AppData\Local\Programs\Python\Python311\Lib\site-packages\flask\app.py", line 2190, in wsgi_app
    response = self.full_dispatch_request()
               ^^^^^^^^^^^^^^^^^^^^^^^^^^^^
  File "C:\Users\Akshat\AppData\Local\Programs\Python\Python311\Lib\site-packages\flask\app.py", line 1486, in full_dispatch_request
    rv = self.handle_user_exception(e)
         ^^^^^^^^^^^^^^^^^^^^^^^^^^^^^
  File "C:\Users\Akshat\AppData\Local\Programs\Python\Python311\Lib\site-packages\flask\app.py", line 1484, in full_dispatch_request
    rv = self.dispatch_request()
         ^^^^^^^^^^^^^^^^^^^^^^^
  File "C:\Users\Akshat\AppData\Local\Programs\Python\Python311\Lib\site-packages\flask\app.py", line 1469, in dispatch_request
    return self.ensure_sync(self.view_functions[rule.endpoint])(**view_args)
           ^^^^^^^^^^^^^^^^^^^^^^^^^^^^^^^^^^^^^^^^^^^^^^^^^^^^^^^^^^^^^^^^^
  File "D:\internship\Court\app.py", line 38, in index
    return render_template('index.html', case_types=case_types, years=years)
           ^^^^^^^^^^^^^^^^^^^^^^^^^^^^^^^^^^^^^^^^^^^^^^^^^^^^^^^^^^^^^^^^^
  File "C:\Users\Akshat\AppData\Local\Programs\Python\Python311\Lib\site-packages\flask\templating.py", line 150, in render_template
    template = app.jinja_env.get_or_select_template(template_name_or_list)
               ^^^^^^^^^^^^^^^^^^^^^^^^^^^^^^^^^^^^^^^^^^^^^^^^^^^^^^^^^^^
  File "C:\Users\Akshat\AppData\Local\Programs\Python\Python311\Lib\site-packages\jinja2\environment.py", line 1081, in get_or_select_template
    return self.get_template(template_name_or_list, parent, globals)
           ^^^^^^^^^^^^^^^^^^^^^^^^^^^^^^^^^^^^^^^^^^^^^^^^^^^^^^^^^
  File "C:\Users\Akshat\AppData\Local\Programs\Python\Python311\Lib\site-packages\jinja2\environment.py", line 1010, in get_template
    return self._load_template(name, globals)
           ^^^^^^^^^^^^^^^^^^^^^^^^^^^^^^^^^^
  File "C:\Users\Akshat\AppData\Local\Programs\Python\Python311\Lib\site-packages\jinja2\environment.py", line 969, in _load_template
    template = self.loader.load(self, name, self.make_globals(globals))
               ^^^^^^^^^^^^^^^^^^^^^^^^^^^^^^^^^^^^^^^^^^^^^^^^^^^^^^^^
  File "C:\Users\Akshat\AppData\Local\Programs\Python\Python311\Lib\site-packages\jinja2\loaders.py", line 126, in load
    source, filename, uptodate = self.get_source(environment, name)
                                 ^^^^^^^^^^^^^^^^^^^^^^^^^^^^^^^^^^
  File "C:\Users\Akshat\AppData\Local\Programs\Python\Python311\Lib\site-packages\flask\templating.py", line 64, in get_source
    return self._get_source_fast(environment, template)
           ^^^^^^^^^^^^^^^^^^^^^^^^^^^^^^^^^^^^^^^^^^^^
  File "C:\Users\Akshat\AppData\Local\Programs\Python\Python311\Lib\site-packages\flask\templating.py", line 98, in _get_source_fast
    raise TemplateNotFound(template)
jinja2.exceptions.TemplateNotFound: index.html

During handling of the above exception, another exception occurred:

Traceback (most recent call last):
  File "C:\Users\Akshat\AppData\Local\Programs\Python\Python311\Lib\site-packages\werkzeug\serving.py", line 364, in run_wsgi
    execute(self.server.app)
  File "C:\Users\Akshat\AppData\Local\Programs\Python\Python311\Lib\site-packages\werkzeug\serving.py", line 325, in execute
    application_iter = app(environ, start_response)
                       ^^^^^^^^^^^^^^^^^^^^^^^^^^^^
  File "C:\Users\Akshat\AppData\Local\Programs\Python\Python311\Lib\site-packages\flask\app.py", line 2213, in __call__
    return self.wsgi_app(environ, start_response)
           ^^^^^^^^^^^^^^^^^^^^^^^^^^^^^^^^^^^^^^
  File "C:\Users\Akshat\AppData\Local\Programs\Python\Python311\Lib\site-packages\flask\app.py", line 2193, in wsgi_app
    response = self.handle_exception(e)
               ^^^^^^^^^^^^^^^^^^^^^^^^
  File "C:\Users\Akshat\AppData\Local\Programs\Python\Python311\Lib\site-packages\flask\app.py", line 1399, in handle_exception
    server_error = self.ensure_sync(handler)(server_error)
                   ^^^^^^^^^^^^^^^^^^^^^^^^^^^^^^^^^^^^^^^
  File "D:\internship\Court\app.py", line 219, in internal_error
    return render_template('error.html',
          ^^^^^^^^^^^^^^^^^^^^^^^^^^^^^
  File "C:\Users\Akshat\AppData\Local\Programs\Python\Python311\Lib\site-packages\flask\templating.py", line 150, in render_template
    template = app.jinja_env.get_or_select_template(template_name_or_list)
               ^^^^^^^^^^^^^^^^^^^^^^^^^^^^^^^^^^^^^^^^^^^^^^^^^^^^^^^^^^^
  File "C:\Users\Akshat\AppData\Local\Programs\Python\Python311\Lib\site-packages\jinja2\environment.py", line 1081, in get_or_select_template
    return self.get_template(template_name_or_list, parent, globals)
           ^^^^^^^^^^^^^^^^^^^^^^^^^^^^^^^^^^^^^^^^^^^^^^^^^^^^^^^^^
  File "C:\Users\Akshat\AppData\Local\Programs\Python\Python311\Lib\site-packages\jinja2\environment.py", line 1010, in get_template
    return self._load_template(name, globals)
           ^^^^^^^^^^^^^^^^^^^^^^^^^^^^^^^^^^
  File "C:\Users\Akshat\AppData\Local\Programs\Python\Python311\Lib\site-packages\jinja2\environment.py", line 969, in _load_template
    template = self.loader.load(self, name, self.make_globals(globals))
               ^^^^^^^^^^^^^^^^^^^^^^^^^^^^^^^^^^^^^^^^^^^^^^^^^^^^^^^^
  File "C:\Users\Akshat\AppData\Local\Programs\Python\Python311\Lib\site-packages\jinja2\loaders.py", line 126, in load
    source, filename, uptodate = self.get_source(environment, name)
                                 ^^^^^^^^^^^^^^^^^^^^^^^^^^^^^^^^^^
  File "C:\Users\Akshat\AppData\Local\Programs\Python\Python311\Lib\site-packages\flask\templating.py", line 64, in get_source
    return self._get_source_fast(environment, template)
           ^^^^^^^^^^^^^^^^^^^^^^^^^^^^^^^^^^^^^^^^^^^^
  File "C:\Users\Akshat\AppData\Local\Programs\Python\Python311\Lib\site-packages\flask\templating.py", line 98, in _get_source_fast
    raise TemplateNotFound(template)
jinja2.exceptions.TemplateNotFound: error.html
2025-08-03 14:19:42,917 - app - ERROR - Exception on /@vite/client [GET]
Traceback (most recent call last):
  File "C:\Users\Akshat\AppData\Local\Programs\Python\Python311\Lib\site-packages\flask\app.py", line 1484, in full_dispatch_request
    rv = self.dispatch_request()
         ^^^^^^^^^^^^^^^^^^^^^^^
  File "C:\Users\Akshat\AppData\Local\Programs\Python\Python311\Lib\site-packages\flask\app.py", line 1458, in dispatch_request
    self.raise_routing_exception(req)
  File "C:\Users\Akshat\AppData\Local\Programs\Python\Python311\Lib\site-packages\flask\app.py", line 1440, in raise_routing_exception
    raise request.routing_exception  # type: ignore
    ^^^^^^^^^^^^^^^^^^^^^^^^^^^^^^^
  File "C:\Users\Akshat\AppData\Local\Programs\Python\Python311\Lib\site-packages\flask\ctx.py", line 353, in match_request
    result = self.url_adapter.match(return_rule=True)  # type: ignore
             ^^^^^^^^^^^^^^^^^^^^^^^^^^^^^^^^^^^^^^^^
  File "C:\Users\Akshat\AppData\Local\Programs\Python\Python311\Lib\site-packages\werkzeug\routing\map.py", line 655, in match
    raise NotFound() from None
werkzeug.exceptions.NotFound: 404 Not Found: The requested URL was not found on the server. If you entered the URL manually please check your spelling and try again.

During handling of the above exception, another exception occurred:

Traceback (most recent call last):
  File "C:\Users\Akshat\AppData\Local\Programs\Python\Python311\Lib\site-packages\flask\app.py", line 2190, in wsgi_app
    response = self.full_dispatch_request()
               ^^^^^^^^^^^^^^^^^^^^^^^^^^^^
  File "C:\Users\Akshat\AppData\Local\Programs\Python\Python311\Lib\site-packages\flask\app.py", line 1486, in full_dispatch_request
    rv = self.handle_user_exception(e)
         ^^^^^^^^^^^^^^^^^^^^^^^^^^^^^
  File "C:\Users\Akshat\AppData\Local\Programs\Python\Python311\Lib\site-packages\flask\app.py", line 1341, in handle_user_exception
    return self.handle_http_exception(e)
           ^^^^^^^^^^^^^^^^^^^^^^^^^^^^^
  File "C:\Users\Akshat\AppData\Local\Programs\Python\Python311\Lib\site-packages\flask\app.py", line 1281, in handle_http_exception
    return self.ensure_sync(handler)(e)
           ^^^^^^^^^^^^^^^^^^^^^^^^^^^^
  File "D:\internship\Court\app.py", line 213, in not_found
    return render_template('error.html',
          ^^^^^^^^^^^^^^^^^^^^^^^^^^^^^
  File "C:\Users\Akshat\AppData\Local\Programs\Python\Python311\Lib\site-packages\flask\templating.py", line 150, in render_template
    template = app.jinja_env.get_or_select_template(template_name_or_list)
               ^^^^^^^^^^^^^^^^^^^^^^^^^^^^^^^^^^^^^^^^^^^^^^^^^^^^^^^^^^^
  File "C:\Users\Akshat\AppData\Local\Programs\Python\Python311\Lib\site-packages\jinja2\environment.py", line 1081, in get_or_select_template
    return self.get_template(template_name_or_list, parent, globals)
           ^^^^^^^^^^^^^^^^^^^^^^^^^^^^^^^^^^^^^^^^^^^^^^^^^^^^^^^^^
  File "C:\Users\Akshat\AppData\Local\Programs\Python\Python311\Lib\site-packages\jinja2\environment.py", line 1010, in get_template
    return self._load_template(name, globals)
           ^^^^^^^^^^^^^^^^^^^^^^^^^^^^^^^^^^
  File "C:\Users\Akshat\AppData\Local\Programs\Python\Python311\Lib\site-packages\jinja2\environment.py", line 969, in _load_template
    template = self.loader.load(self, name, self.make_globals(globals))
               ^^^^^^^^^^^^^^^^^^^^^^^^^^^^^^^^^^^^^^^^^^^^^^^^^^^^^^^^
  File "C:\Users\Akshat\AppData\Local\Programs\Python\Python311\Lib\site-packages\jinja2\loaders.py", line 126, in load
    source, filename, uptodate = self.get_source(environment, name)
                                 ^^^^^^^^^^^^^^^^^^^^^^^^^^^^^^^^^^
  File "C:\Users\Akshat\AppData\Local\Programs\Python\Python311\Lib\site-packages\flask\templating.py", line 64, in get_source
    return self._get_source_fast(environment, template)
           ^^^^^^^^^^^^^^^^^^^^^^^^^^^^^^^^^^^^^^^^^^^^
  File "C:\Users\Akshat\AppData\Local\Programs\Python\Python311\Lib\site-packages\flask\templating.py", line 98, in _get_source_fast
    raise TemplateNotFound(template)
jinja2.exceptions.TemplateNotFound: error.html
2025-08-03 14:19:42,934 - __main__ - ERROR - Internal server error: 500 Internal Server Error: The server encountered an internal error and was unable to complete your request. Either the server is overloaded or there is an error in the application.
2025-08-03 14:19:42,936 - werkzeug - INFO - 127.0.0.1 - - [03/Aug/2025 14:19:42] "[35m[1mGET /@vite/client HTTP/1.1[0m" 500 -
2025-08-03 14:19:42,954 - werkzeug - ERROR - Error on request:
Traceback (most recent call last):
  File "C:\Users\Akshat\AppData\Local\Programs\Python\Python311\Lib\site-packages\flask\app.py", line 1484, in full_dispatch_request
    rv = self.dispatch_request()
         ^^^^^^^^^^^^^^^^^^^^^^^
  File "C:\Users\Akshat\AppData\Local\Programs\Python\Python311\Lib\site-packages\flask\app.py", line 1458, in dispatch_request
    self.raise_routing_exception(req)
  File "C:\Users\Akshat\AppData\Local\Programs\Python\Python311\Lib\site-packages\flask\app.py", line 1440, in raise_routing_exception
    raise request.routing_exception  # type: ignore
  File "C:\Users\Akshat\AppData\Local\Programs\Python\Python311\Lib\site-packages\flask\ctx.py", line 353, in match_request
    result = self.url_adapter.match(return_rule=True)  # type: ignore
             ^^^^^^^^^^^^^^^^^^^^^^^^^^^^^^^^^^^^^^^^^^^^^^^^^^^^^^^^
  File "C:\Users\Akshat\AppData\Local\Programs\Python\Python311\Lib\site-packages\werkzeug\routing\map.py", line 655, in match
    raise NotFound() from None
werkzeug.exceptions.NotFound: 404 Not Found: The requested URL was not found on the server. If you entered the URL manually please check your spelling and try again.

During handling of the above exception, another exception occurred:

Traceback (most recent call last):
  File "C:\Users\Akshat\AppData\Local\Programs\Python\Python311\Lib\site-packages\flask\app.py", line 2190, in wsgi_app
    response = self.full_dispatch_request()
               ^^^^^^^^^^^^^^^^^^^^^^^^^^^^
  File "C:\Users\Akshat\AppData\Local\Programs\Python\Python311\Lib\site-packages\flask\app.py", line 1486, in full_dispatch_request
    rv = self.handle_user_exception(e)
         ^^^^^^^^^^^^^^^^^^^^^^^^^^^^^
  File "C:\Users\Akshat\AppData\Local\Programs\Python\Python311\Lib\site-packages\flask\app.py", line 1341, in handle_user_exception
    return self.handle_http_exception(e)
           ^^^^^^^^^^^^^^^^^^^^^^^^^^^^^
  File "C:\Users\Akshat\AppData\Local\Programs\Python\Python311\Lib\site-packages\flask\app.py", line 1281, in handle_http_exception
    return self.ensure_sync(handler)(e)
           ^^^^^^^^^^^^^^^^^^^^^^^^^^^^
  File "D:\internship\Court\app.py", line 213, in not_found
    return render_template('error.html',
          ^^^^^^^^^^^^^^^^^^^^^^^^^^^^^
  File "C:\Users\Akshat\AppData\Local\Programs\Python\Python311\Lib\site-packages\flask\templating.py", line 150, in render_template
    template = app.jinja_env.get_or_select_template(template_name_or_list)
               ^^^^^^^^^^^^^^^^^^^^^^^^^^^^^^^^^^^^^^^^^^^^^^^^^^^^^^^^^^^
  File "C:\Users\Akshat\AppData\Local\Programs\Python\Python311\Lib\site-packages\jinja2\environment.py", line 1081, in get_or_select_template
    return self.get_template(template_name_or_list, parent, globals)
           ^^^^^^^^^^^^^^^^^^^^^^^^^^^^^^^^^^^^^^^^^^^^^^^^^^^^^^^^^
  File "C:\Users\Akshat\AppData\Local\Programs\Python\Python311\Lib\site-packages\jinja2\environment.py", line 1010, in get_template
    return self._load_template(name, globals)
           ^^^^^^^^^^^^^^^^^^^^^^^^^^^^^^^^^^
  File "C:\Users\Akshat\AppData\Local\Programs\Python\Python311\Lib\site-packages\jinja2\environment.py", line 969, in _load_template
    template = self.loader.load(self, name, self.make_globals(globals))
               ^^^^^^^^^^^^^^^^^^^^^^^^^^^^^^^^^^^^^^^^^^^^^^^^^^^^^^^^
  File "C:\Users\Akshat\AppData\Local\Programs\Python\Python311\Lib\site-packages\jinja2\loaders.py", line 126, in load
    source, filename, uptodate = self.get_source(environment, name)
                                 ^^^^^^^^^^^^^^^^^^^^^^^^^^^^^^^^^^
  File "C:\Users\Akshat\AppData\Local\Programs\Python\Python311\Lib\site-packages\flask\templating.py", line 64, in get_source
    return self._get_source_fast(environment, template)
           ^^^^^^^^^^^^^^^^^^^^^^^^^^^^^^^^^^^^^^^^^^^^
  File "C:\Users\Akshat\AppData\Local\Programs\Python\Python311\Lib\site-packages\flask\templating.py", line 98, in _get_source_fast
    raise TemplateNotFound(template)
jinja2.exceptions.TemplateNotFound: error.html

During handling of the above exception, another exception occurred:

Traceback (most recent call last):
  File "C:\Users\Akshat\AppData\Local\Programs\Python\Python311\Lib\site-packages\werkzeug\serving.py", line 364, in run_wsgi
    execute(self.server.app)
  File "C:\Users\Akshat\AppData\Local\Programs\Python\Python311\Lib\site-packages\werkzeug\serving.py", line 325, in execute
    application_iter = app(environ, start_response)
                       ^^^^^^^^^^^^^^^^^^^^^^^^^^^^
  File "C:\Users\Akshat\AppData\Local\Programs\Python\Python311\Lib\site-packages\flask\app.py", line 2213, in __call__
    return self.wsgi_app(environ, start_response)
           ^^^^^^^^^^^^^^^^^^^^^^^^^^^^^^^^^^^^^^
  File "C:\Users\Akshat\AppData\Local\Programs\Python\Python311\Lib\site-packages\flask\app.py", line 2193, in wsgi_app
    response = self.handle_exception(e)
               ^^^^^^^^^^^^^^^^^^^^^^^^
  File "C:\Users\Akshat\AppData\Local\Programs\Python\Python311\Lib\site-packages\flask\app.py", line 1399, in handle_exception
    server_error = self.ensure_sync(handler)(server_error)
                   ^^^^^^^^^^^^^^^^^^^^^^^^^^^^^^^^^^^^^^^
  File "D:\internship\Court\app.py", line 219, in internal_error
    return render_template('error.html',
          ^^^^^^^^^^^^^^^^^^^^^^^^^^^^^
  File "C:\Users\Akshat\AppData\Local\Programs\Python\Python311\Lib\site-packages\flask\templating.py", line 150, in render_template
    template = app.jinja_env.get_or_select_template(template_name_or_list)
               ^^^^^^^^^^^^^^^^^^^^^^^^^^^^^^^^^^^^^^^^^^^^^^^^^^^^^^^^^^^
  File "C:\Users\Akshat\AppData\Local\Programs\Python\Python311\Lib\site-packages\jinja2\environment.py", line 1081, in get_or_select_template
    return self.get_template(template_name_or_list, parent, globals)
           ^^^^^^^^^^^^^^^^^^^^^^^^^^^^^^^^^^^^^^^^^^^^^^^^^^^^^^^^^
  File "C:\Users\Akshat\AppData\Local\Programs\Python\Python311\Lib\site-packages\jinja2\environment.py", line 1010, in get_template
    return self._load_template(name, globals)
           ^^^^^^^^^^^^^^^^^^^^^^^^^^^^^^^^^^
  File "C:\Users\Akshat\AppData\Local\Programs\Python\Python311\Lib\site-packages\jinja2\environment.py", line 969, in _load_template
    template = self.loader.load(self, name, self.make_globals(globals))
               ^^^^^^^^^^^^^^^^^^^^^^^^^^^^^^^^^^^^^^^^^^^^^^^^^^^^^^^^
  File "C:\Users\Akshat\AppData\Local\Programs\Python\Python311\Lib\site-packages\jinja2\loaders.py", line 126, in load
    source, filename, uptodate = self.get_source(environment, name)
                                 ^^^^^^^^^^^^^^^^^^^^^^^^^^^^^^^^^^
  File "C:\Users\Akshat\AppData\Local\Programs\Python\Python311\Lib\site-packages\flask\templating.py", line 64, in get_source
    return self._get_source_fast(environment, template)
           ^^^^^^^^^^^^^^^^^^^^^^^^^^^^^^^^^^^^^^^^^^^^
  File "C:\Users\Akshat\AppData\Local\Programs\Python\Python311\Lib\site-packages\flask\templating.py", line 98, in _get_source_fast
    raise TemplateNotFound(template)
jinja2.exceptions.TemplateNotFound: error.html
2025-08-03 14:26:55,554 - database - INFO - Database initialized successfully
2025-08-03 14:26:58,061 - scraper - INFO - WebDriver initialized successfully
2025-08-03 14:26:58,070 - __main__ - INFO - Starting Court Data Fetcher on port 5000
2025-08-03 14:26:58,102 - werkzeug - INFO - [31m[1mWARNING: This is a development server. Do not use it in a production deployment. Use a production WSGI server instead.[0m
 * Running on all addresses (0.0.0.0)
 * Running on http://127.0.0.1:5000
 * Running on http://192.168.1.6:5000
2025-08-03 14:26:58,103 - werkzeug - INFO - [33mPress CTRL+C to quit[0m
2025-08-03 14:27:06,610 - werkzeug - INFO - 127.0.0.1 - - [03/Aug/2025 14:27:06] "GET /?ide_webview_request_time=1754211426567 HTTP/1.1" 200 -
2025-08-03 14:27:07,642 - werkzeug - INFO - 127.0.0.1 - - [03/Aug/2025 14:27:07] "[33mGET /@vite/client HTTP/1.1[0m" 404 -
2025-08-03 14:29:37,808 - database - INFO - Database initialized successfully
2025-08-03 14:29:40,703 - scraper - INFO - WebDriver initialized successfully
2025-08-03 14:29:40,717 - __main__ - INFO - Starting Court Data Fetcher on port 5000
2025-08-03 14:29:40,786 - werkzeug - INFO - [31m[1mWARNING: This is a development server. Do not use it in a production deployment. Use a production WSGI server instead.[0m
 * Running on all addresses (0.0.0.0)
 * Running on http://127.0.0.1:5000
 * Running on http://192.168.1.6:5000
2025-08-03 14:29:40,788 - werkzeug - INFO - [33mPress CTRL+C to quit[0m
2025-08-03 14:29:47,596 - werkzeug - INFO - 127.0.0.1 - - [03/Aug/2025 14:29:47] "GET /?ide_webview_request_time=1754211587587 HTTP/1.1" 200 -
2025-08-03 14:29:47,689 - werkzeug - INFO - 127.0.0.1 - - [03/Aug/2025 14:29:47] "[33mGET /@vite/client HTTP/1.1[0m" 404 -
2025-08-03 14:33:39,033 - database - INFO - Database initialized successfully
2025-08-03 14:33:41,641 - scraper - INFO - WebDriver initialized successfully
2025-08-03 14:33:41,650 - __main__ - INFO - Starting Court Data Fetcher on port 5000
2025-08-03 14:33:41,686 - werkzeug - INFO - [31m[1mWARNING: This is a development server. Do not use it in a production deployment. Use a production WSGI server instead.[0m
 * Running on all addresses (0.0.0.0)
 * Running on http://127.0.0.1:5000
 * Running on http://192.168.1.6:5000
2025-08-03 14:33:41,686 - werkzeug - INFO - [33mPress CTRL+C to quit[0m
2025-08-03 14:33:49,881 - werkzeug - INFO - 127.0.0.1 - - [03/Aug/2025 14:33:49] "GET /?ide_webview_request_time=1754211829838 HTTP/1.1" 200 -
2025-08-03 14:33:50,056 - werkzeug - INFO - 127.0.0.1 - - [03/Aug/2025 14:33:50] "[33mGET /@vite/client HTTP/1.1[0m" 404 -
